<?xml version="1.0" encoding="UTF-8"?>
<!-- Generated by org.testng.reporters.JUnitXMLReporter -->
<testsuite hostname="MacBook-Pro-Ermek.local" ignored="0" name="Default test" tests="4" failures="0" timestamp="06 Aug 2018 21:21:33 GMT" time="34.745" errors="0">
  <testcase name="Test_Case1" time="12.539" classname="runner.RunnerClass"/>
  <testcase name="SmokeTest3" time="7.468" classname="runner.RunnerClass"/>
  <testcase name="Test_Cases2" time="5.123" classname="runner.RunnerClass"/>
  <testcase name="Test_Cases20" time="6.499" classname="runner.RunnerClass"/>
</testsuite> <!-- Default test -->
