<?xml version="1.0" encoding="UTF-8"?>
<!-- Generated by org.testng.reporters.JUnitXMLReporter -->
<testsuite hostname="MacBook-Pro-Ermek.local" ignored="0" name="Automated smoke test" tests="4" failures="0" timestamp="06 Aug 2018 20:31:58 GMT" time="31.943" errors="0">
  <testcase name="Test_Case1" time="12.356" classname="runner.RunnerClass"/>
  <testcase name="SmokeTest3" time="7.341" classname="runner.RunnerClass"/>
  <testcase name="Test_Cases2" time="5.006" classname="runner.RunnerClass"/>
  <testcase name="Test_Cases20" time="6.898" classname="runner.RunnerClass"/>
</testsuite> <!-- Automated smoke test -->
