<?xml version="1.0" encoding="UTF-8"?>
<testng-results skipped="0" failed="0" ignored="0" total="4" passed="4">
  <reporter-output>
  </reporter-output>
  <suite name="Default suite" duration-ms="34551" started-at="2018-08-06T21:06:10Z" finished-at="2018-08-06T21:06:45Z">
    <groups>
    </groups>
    <test name="Default test" duration-ms="34551" started-at="2018-08-06T21:06:10Z" finished-at="2018-08-06T21:06:45Z">
      <class name="runner.RunnerClass">
        <test-method status="PASS" signature="setUpTest()[pri:0, instance:runner.RunnerClass@39c0f4a]" name="setUpTest" is-config="true" duration-ms="217" started-at="2018-08-06T21:06:10Z" finished-at="2018-08-06T21:06:11Z">
          <reporter-output>
          </reporter-output>
        </test-method> <!-- setUpTest -->
        <test-method status="PASS" signature="setUp()[pri:0, instance:runner.RunnerClass@39c0f4a]" name="setUp" is-config="true" duration-ms="2435" started-at="2018-08-06T21:06:11Z" finished-at="2018-08-06T21:06:13Z">
          <reporter-output>
          </reporter-output>
        </test-method> <!-- setUp -->
        <test-method status="PASS" signature="Test_Case1()[pri:0, instance:runner.RunnerClass@39c0f4a]" name="Test_Case1" duration-ms="12451" started-at="2018-08-06T21:06:13Z" finished-at="2018-08-06T21:06:26Z">
          <reporter-output>
          </reporter-output>
        </test-method> <!-- Test_Case1 -->
        <test-method status="PASS" signature="tearDown(org.testng.ITestResult)[pri:0, instance:runner.RunnerClass@39c0f4a]" name="tearDown" is-config="true" duration-ms="6" started-at="2018-08-06T21:06:26Z" finished-at="2018-08-06T21:06:26Z">
          <params>
            <param index="0">
              <value>
                <![CDATA[[TestResult name=Test_Case1 status=SUCCESS method=RunnerClass.Test_Case1()[pri:0, instance:runner.RunnerClass@39c0f4a] output={null}]]]>
              </value>
            </param>
          </params>
          <reporter-output>
          </reporter-output>
        </test-method> <!-- tearDown -->
        <test-method status="PASS" signature="setUp()[pri:0, instance:runner.RunnerClass@39c0f4a]" name="setUp" is-config="true" duration-ms="4" started-at="2018-08-06T21:06:26Z" finished-at="2018-08-06T21:06:26Z">
          <reporter-output>
          </reporter-output>
        </test-method> <!-- setUp -->
        <test-method status="PASS" signature="SmokeTest3()[pri:1, instance:runner.RunnerClass@39c0f4a]" name="SmokeTest3" duration-ms="7489" started-at="2018-08-06T21:06:26Z" finished-at="2018-08-06T21:06:33Z">
          <reporter-output>
          </reporter-output>
        </test-method> <!-- SmokeTest3 -->
        <test-method status="PASS" signature="tearDown(org.testng.ITestResult)[pri:0, instance:runner.RunnerClass@39c0f4a]" name="tearDown" is-config="true" duration-ms="1" started-at="2018-08-06T21:06:33Z" finished-at="2018-08-06T21:06:33Z">
          <params>
            <param index="0">
              <value>
                <![CDATA[[TestResult name=SmokeTest3 status=SUCCESS method=RunnerClass.SmokeTest3()[pri:1, instance:runner.RunnerClass@39c0f4a] output={null}]]]>
              </value>
            </param>
          </params>
          <reporter-output>
          </reporter-output>
        </test-method> <!-- tearDown -->
        <test-method status="PASS" signature="setUp()[pri:0, instance:runner.RunnerClass@39c0f4a]" name="setUp" is-config="true" duration-ms="9" started-at="2018-08-06T21:06:33Z" finished-at="2018-08-06T21:06:33Z">
          <reporter-output>
          </reporter-output>
        </test-method> <!-- setUp -->
        <test-method status="PASS" signature="Test_Cases2()[pri:2, instance:runner.RunnerClass@39c0f4a]" name="Test_Cases2" duration-ms="5042" started-at="2018-08-06T21:06:33Z" finished-at="2018-08-06T21:06:38Z">
          <reporter-output>
          </reporter-output>
        </test-method> <!-- Test_Cases2 -->
        <test-method status="PASS" signature="tearDown(org.testng.ITestResult)[pri:0, instance:runner.RunnerClass@39c0f4a]" name="tearDown" is-config="true" duration-ms="1" started-at="2018-08-06T21:06:38Z" finished-at="2018-08-06T21:06:38Z">
          <params>
            <param index="0">
              <value>
                <![CDATA[[TestResult name=Test_Cases2 status=SUCCESS method=RunnerClass.Test_Cases2()[pri:2, instance:runner.RunnerClass@39c0f4a] output={null}]]]>
              </value>
            </param>
          </params>
          <reporter-output>
          </reporter-output>
        </test-method> <!-- tearDown -->
        <test-method status="PASS" signature="setUp()[pri:0, instance:runner.RunnerClass@39c0f4a]" name="setUp" is-config="true" duration-ms="6" started-at="2018-08-06T21:06:38Z" finished-at="2018-08-06T21:06:38Z">
          <reporter-output>
          </reporter-output>
        </test-method> <!-- setUp -->
        <test-method status="PASS" signature="Test_Cases20()[pri:3, instance:runner.RunnerClass@39c0f4a]" name="Test_Cases20" duration-ms="6471" started-at="2018-08-06T21:06:38Z" finished-at="2018-08-06T21:06:45Z">
          <reporter-output>
          </reporter-output>
        </test-method> <!-- Test_Cases20 -->
        <test-method status="PASS" signature="tearDown(org.testng.ITestResult)[pri:0, instance:runner.RunnerClass@39c0f4a]" name="tearDown" is-config="true" duration-ms="0" started-at="2018-08-06T21:06:45Z" finished-at="2018-08-06T21:06:45Z">
          <params>
            <param index="0">
              <value>
                <![CDATA[[TestResult name=Test_Cases20 status=SUCCESS method=RunnerClass.Test_Cases20()[pri:3, instance:runner.RunnerClass@39c0f4a] output={null}]]]>
              </value>
            </param>
          </params>
          <reporter-output>
          </reporter-output>
        </test-method> <!-- tearDown -->
        <test-method status="PASS" signature="tearDownTest()[pri:0, instance:runner.RunnerClass@39c0f4a]" name="tearDownTest" is-config="true" duration-ms="395" started-at="2018-08-06T21:06:45Z" finished-at="2018-08-06T21:06:45Z">
          <reporter-output>
          </reporter-output>
        </test-method> <!-- tearDownTest -->
      </class> <!-- runner.RunnerClass -->
    </test> <!-- Default test -->
  </suite> <!-- Default suite -->
</testng-results>
